# JRE version: Java(TM) SE Runtime Environment (13.0.2+8) (build 13.0.2+8)
# Java VM: Java HotSpot(TM) 64-Bit Server VM (13.0.2+8, mixed mode, sharing, tiered, compressed oops, g1 gc, windows-amd64)
Heap:
 garbage-first heap   total 630784K, used 234736K [0x0000000600c00000, 0x0000000800000000)
  region size 2048K, 10 young (20480K), 6 survivors (12288K)
 Metaspace       used 20880K, capacity 21569K, committed 21808K, reserved 1069056K
  class space    used 2823K, capacity 3085K, committed 3200K, reserved 1048576K
GC Heap History (14 events):
Event: 0.494 GC heap before
{Heap before GC invocations=0 (full 0):
 garbage-first heap   total 524288K, used 26624K [0x0000000600c00000, 0x0000000800000000)
  region size 2048K, 12 young (24576K), 0 survivors (0K)
 Metaspace       used 6015K, capacity 8170K, committed 8320K, reserved 1056768K
  class space    used 682K, capacity 882K, committed 896K, reserved 1048576K
}
Event: 0.497 GC heap after
{Heap after GC invocations=1 (full 0):
 garbage-first heap   total 524288K, used 7174K [0x0000000600c00000, 0x0000000800000000)
  region size 2048K, 2 young (4096K), 2 survivors (4096K)
 Metaspace       used 6015K, capacity 8170K, committed 8320K, reserved 1056768K
  class space    used 682K, capacity 882K, committed 896K, reserved 1048576K
}
Event: 2.433 GC heap before
{Heap before GC invocations=1 (full 0):
 garbage-first heap   total 524288K, used 185350K [0x0000000600c00000, 0x0000000800000000)
  region size 2048K, 85 young (174080K), 2 survivors (4096K)
 Metaspace       used 20025K, capacity 20609K, committed 20736K, reserved 1067008K
  class space    used 2773K, capacity 3029K, committed 3072K, reserved 1048576K
}
Event: 2.447 GC heap after
{Heap after GC invocations=2 (full 0):
 garbage-first heap   total 524288K, used 38605K [0x0000000600c00000, 0x0000000800000000)
  region size 2048K, 11 young (22528K), 11 survivors (22528K)
 Metaspace       used 20025K, capacity 20609K, committed 20736K, reserved 1067008K
  class space    used 2773K, capacity 3029K, committed 3072K, reserved 1048576K
}
Event: 2.651 GC heap before
{Heap before GC invocations=2 (full 0):
 garbage-first heap   total 524288K, used 85709K [0x0000000600c00000, 0x0000000800000000)
  region size 2048K, 30 young (61440K), 11 survivors (22528K)
 Metaspace       used 20029K, capacity 20609K, committed 20736K, reserved 1067008K
  class space    used 2773K, capacity 3029K, committed 3072K, reserved 1048576K
}
Event: 2.667 GC heap after
{Heap after GC invocations=3 (full 0):
 garbage-first heap   total 524288K, used 62545K [0x0000000600c00000, 0x0000000800000000)
  region size 2048K, 4 young (8192K), 4 survivors (8192K)
 Metaspace       used 20029K, capacity 20609K, committed 20736K, reserved 1067008K
  class space    used 2773K, capacity 3029K, committed 3072K, reserved 1048576K
}
Event: 3.035 GC heap before
{Heap before GC invocations=3 (full 0):
 garbage-first heap   total 524288K, used 115793K [0x0000000600c00000, 0x0000000800000000)
  region size 2048K, 19 young (38912K), 4 survivors (8192K)
 Metaspace       used 20071K, capacity 20645K, committed 20736K, reserved 1067008K
  class space    used 2778K, capacity 3035K, committed 3072K, reserved 1048576K
}
Event: 3.047 GC heap after
{Heap after GC invocations=4 (full 0):
 garbage-first heap   total 524288K, used 102400K [0x0000000600c00000, 0x0000000800000000)
  region size 2048K, 3 young (6144K), 3 survivors (6144K)
 Metaspace       used 20071K, capacity 20645K, committed 20736K, reserved 1067008K
  class space    used 2778K, capacity 3035K, committed 3072K, reserved 1048576K
}
Event: 3.302 GC heap before
{Heap before GC invocations=4 (full 0):
 garbage-first heap   total 524288K, used 149504K [0x0000000600c00000, 0x0000000800000000)
  region size 2048K, 26 young (53248K), 3 survivors (6144K)
 Metaspace       used 20071K, capacity 20645K, committed 20736K, reserved 1067008K
  class space    used 2778K, capacity 3035K, committed 3072K, reserved 1048576K
}
Event: 3.316 GC heap after
{Heap after GC invocations=5 (full 0):
 garbage-first heap   total 630784K, used 131072K [0x0000000600c00000, 0x0000000800000000)
  region size 2048K, 4 young (8192K), 4 survivors (8192K)
 Metaspace       used 20071K, capacity 20645K, committed 20736K, reserved 1067008K
  class space    used 2778K, capacity 3035K, committed 3072K, reserved 1048576K
}
Event: 3.773 GC heap before
{Heap before GC invocations=5 (full 0):
 garbage-first heap   total 630784K, used 223232K [0x0000000600c00000, 0x0000000800000000)
  region size 2048K, 34 young (69632K), 4 survivors (8192K)
 Metaspace       used 20084K, capacity 20651K, committed 20736K, reserved 1067008K
  class space    used 2780K, capacity 3036K, committed 3072K, reserved 1048576K
}
Event: 3.791 GC heap after
{Heap after GC invocations=6 (full 0):
 garbage-first heap   total 630784K, used 198442K [0x0000000600c00000, 0x0000000800000000)
  region size 2048K, 5 young (10240K), 5 survivors (10240K)
 Metaspace       used 20084K, capacity 20651K, committed 20736K, reserved 1067008K
  class space    used 2780K, capacity 3036K, committed 3072K, reserved 1048576K
}
Event: 4.277 GC heap before
{Heap before GC invocations=6 (full 0):
 garbage-first heap   total 630784K, used 227114K [0x0000000600c00000, 0x0000000800000000)
  region size 2048K, 20 young (40960K), 5 survivors (10240K)
 Metaspace       used 20493K, capacity 21127K, committed 21296K, reserved 1067008K
  class space    used 2816K, capacity 3079K, committed 3200K, reserved 1048576K
}
Event: 4.288 GC heap after
{Heap after GC invocations=7 (full 0):
 garbage-first heap   total 630784K, used 228592K [0x0000000600c00000, 0x0000000800000000)
  region size 2048K, 6 young (12288K), 6 survivors (12288K)
 Metaspace       used 20493K, capacity 21127K, committed 21296K, reserved 1067008K
  class space    used 2816K, capacity 3079K, committed 3200K, reserved 1048576K
}

